# JRE version: Java(TM) SE Runtime Environment (17.0.11+7) (build 17.0.11+7-LTS-207)
# Java VM: Java HotSpot(TM) 64-Bit Server VM (17.0.11+7-LTS-207, mixed mode, emulated-client, sharing, tiered, compressed oops, compressed class ptrs, g1 gc, windows-amd64)
GC Precious Log:
 CPUs: 20 total, 20 available
 Memory: 16234M
 Large Page Support: Disabled
 NUMA Support: Disabled
 Compressed Oops: Enabled (Zero based)
 Heap Region Size: 2M
 Heap Min Capacity: 8M
 Heap Initial Capacity: 254M
 Heap Max Capacity: 4060M
 Pre-touch: Disabled
 Parallel Workers: 15
 Concurrent Workers: 4
 Concurrent Refinement Workers: 15
 Periodic GC: Disabled
Heap:
 garbage-first heap   total 262144K, used 113981K [0x0000000702400000, 0x0000000800000000)
  region size 2048K, 2 young (4096K), 2 survivors (4096K)
 Metaspace       used 88361K, committed 89152K, reserved 1179648K
  class space    used 12996K, committed 13376K, reserved 1048576K
GC Heap History (20 events):
Event: 8.794 GC heap after
{Heap after GC invocations=26 (full 0):
 garbage-first heap   total 98304K, used 50192K [0x0000000702400000, 0x0000000800000000)
  region size 2048K, 2 young (4096K), 2 survivors (4096K)
 Metaspace       used 84261K, committed 84992K, reserved 1179648K
  class space    used 12262K, committed 12608K, reserved 1048576K
}
Event: 8.829 GC heap before
{Heap before GC invocations=26 (full 0):
 garbage-first heap   total 98304K, used 80912K [0x0000000702400000, 0x0000000800000000)
  region size 2048K, 17 young (34816K), 2 survivors (4096K)
 Metaspace       used 84267K, committed 84992K, reserved 1179648K
  class space    used 12262K, committed 12608K, reserved 1048576K
}
Event: 8.830 GC heap after
{Heap after GC invocations=27 (full 0):
 garbage-first heap   total 98304K, used 50156K [0x0000000702400000, 0x0000000800000000)
  region size 2048K, 2 young (4096K), 2 survivors (4096K)
 Metaspace       used 84267K, committed 84992K, reserved 1179648K
  class space    used 12262K, committed 12608K, reserved 1048576K
}
Event: 8.887 GC heap before
{Heap before GC invocations=28 (full 0):
 garbage-first heap   total 106496K, used 78828K [0x0000000702400000, 0x0000000800000000)
  region size 2048K, 16 young (32768K), 2 survivors (4096K)
 Metaspace       used 84406K, committed 85120K, reserved 1179648K
  class space    used 12276K, committed 12608K, reserved 1048576K
}
Event: 8.888 GC heap after
{Heap after GC invocations=29 (full 0):
 garbage-first heap   total 106496K, used 50159K [0x0000000702400000, 0x0000000800000000)
  region size 2048K, 1 young (2048K), 1 survivors (2048K)
 Metaspace       used 84406K, committed 85120K, reserved 1179648K
  class space    used 12276K, committed 12608K, reserved 1048576K
}
Event: 9.144 GC heap before
{Heap before GC invocations=29 (full 0):
 garbage-first heap   total 106496K, used 87023K [0x0000000702400000, 0x0000000800000000)
  region size 2048K, 19 young (38912K), 1 survivors (2048K)
 Metaspace       used 87961K, committed 88704K, reserved 1179648K
  class space    used 12944K, committed 13312K, reserved 1048576K
}
Event: 9.145 GC heap after
{Heap after GC invocations=30 (full 0):
 garbage-first heap   total 106496K, used 51056K [0x0000000702400000, 0x0000000800000000)
  region size 2048K, 2 young (4096K), 2 survivors (4096K)
 Metaspace       used 87961K, committed 88704K, reserved 1179648K
  class space    used 12944K, committed 13312K, reserved 1048576K
}
Event: 9.231 GC heap before
{Heap before GC invocations=31 (full 0):
 garbage-first heap   total 106496K, used 87920K [0x0000000702400000, 0x0000000800000000)
  region size 2048K, 20 young (40960K), 2 survivors (4096K)
 Metaspace       used 88343K, committed 89152K, reserved 1179648K
  class space    used 12992K, committed 13376K, reserved 1048576K
}
Event: 9.233 GC heap after
{Heap after GC invocations=32 (full 0):
 garbage-first heap   total 106496K, used 52089K [0x0000000702400000, 0x0000000800000000)
  region size 2048K, 2 young (4096K), 2 survivors (4096K)
 Metaspace       used 88343K, committed 89152K, reserved 1179648K
  class space    used 12992K, committed 13376K, reserved 1048576K
}
Event: 9.268 GC heap before
{Heap before GC invocations=32 (full 0):
 garbage-first heap   total 106496K, used 88953K [0x0000000702400000, 0x0000000800000000)
  region size 2048K, 20 young (40960K), 2 survivors (4096K)
 Metaspace       used 88343K, committed 89152K, reserved 1179648K
  class space    used 12992K, committed 13376K, reserved 1048576K
}
Event: 9.274 GC heap after
{Heap after GC invocations=33 (full 0):
 garbage-first heap   total 133120K, used 65886K [0x0000000702400000, 0x0000000800000000)
  region size 2048K, 3 young (6144K), 3 survivors (6144K)
 Metaspace       used 88343K, committed 89152K, reserved 1179648K
  class space    used 12992K, committed 13376K, reserved 1048576K
}
Event: 9.318 GC heap before
{Heap before GC invocations=34 (full 0):
 garbage-first heap   total 133120K, used 98654K [0x0000000702400000, 0x0000000800000000)
  region size 2048K, 19 young (38912K), 3 survivors (6144K)
 Metaspace       used 88390K, committed 89152K, reserved 1179648K
  class space    used 13001K, committed 13376K, reserved 1048576K
}
Event: 9.323 GC heap after
{Heap after GC invocations=35 (full 0):
 garbage-first heap   total 133120K, used 73411K [0x0000000702400000, 0x0000000800000000)
  region size 2048K, 3 young (6144K), 3 survivors (6144K)
 Metaspace       used 88390K, committed 89152K, reserved 1179648K
  class space    used 13001K, committed 13376K, reserved 1048576K
}
Event: 9.352 GC heap before
{Heap before GC invocations=35 (full 0):
 garbage-first heap   total 133120K, used 102083K [0x0000000702400000, 0x0000000800000000)
  region size 2048K, 17 young (34816K), 3 survivors (6144K)
 Metaspace       used 88390K, committed 89152K, reserved 1179648K
  class space    used 13001K, committed 13376K, reserved 1048576K
}
Event: 9.358 GC heap after
{Heap after GC invocations=36 (full 0):
 garbage-first heap   total 133120K, used 85340K [0x0000000702400000, 0x0000000800000000)
  region size 2048K, 3 young (6144K), 3 survivors (6144K)
 Metaspace       used 88390K, committed 89152K, reserved 1179648K
  class space    used 13001K, committed 13376K, reserved 1048576K
}
Event: 9.390 GC heap before
{Heap before GC invocations=36 (full 0):
 garbage-first heap   total 172032K, used 101724K [0x0000000702400000, 0x0000000800000000)
  region size 2048K, 11 young (22528K), 3 survivors (6144K)
 Metaspace       used 88360K, committed 89152K, reserved 1179648K
  class space    used 12996K, committed 13376K, reserved 1048576K
}
Event: 9.395 GC heap after
{Heap after GC invocations=37 (full 0):
 garbage-first heap   total 172032K, used 92151K [0x0000000702400000, 0x0000000800000000)
  region size 2048K, 2 young (4096K), 2 survivors (4096K)
 Metaspace       used 88360K, committed 89152K, reserved 1179648K
  class space    used 12996K, committed 13376K, reserved 1048576K
}
Event: 9.441 GC heap before
{Heap before GC invocations=38 (full 0):
 garbage-first heap   total 172032K, used 126967K [0x0000000702400000, 0x0000000800000000)
  region size 2048K, 19 young (38912K), 2 survivors (4096K)
 Metaspace       used 88360K, committed 89152K, reserved 1179648K
  class space    used 12996K, committed 13376K, reserved 1048576K
}
Event: 9.447 GC heap after
{Heap after GC invocations=39 (full 0):
 garbage-first heap   total 172032K, used 106903K [0x0000000702400000, 0x0000000800000000)
  region size 2048K, 3 young (6144K), 3 survivors (6144K)
 Metaspace       used 88360K, committed 89152K, reserved 1179648K
  class space    used 12996K, committed 13376K, reserved 1048576K
}
Event: 9.469 GC heap before
{Heap before GC invocations=39 (full 0):
 garbage-first heap   total 172032K, used 129431K [0x0000000702400000, 0x0000000800000000)
  region size 2048K, 14 young (28672K), 3 survivors (6144K)
 Metaspace       used 88361K, committed 89152K, reserved 1179648K
  class space    used 12996K, committed 13376K, reserved 1048576K
}

